<?xml version="1.0" encoding="UTF-8"?>
<!-- Generated by org.testng.reporters.JUnitXMLReporter -->
<testsuite hostname="DESKTOP-V53GB2U" name="Default test" tests="1" failures="1" timestamp="3 Feb 2025 03:07:07 GMT" time="13.275" errors="0">
  <testcase name="printIphoneNameAndPriceInConsole" time="5.246" classname="org.flipkart.Flipkart_printingresults">
    <failure type="java.lang.ClassCastException" message="java.lang.String cannot be cast to java.lang.Integer">
      <![CDATA[java.lang.ClassCastException: java.lang.String cannot be cast to java.lang.Integer
	at org.util.ComparatorUtilities.compare(ComparatorUtilities.java:8)
	at java.util.TimSort.countRunAndMakeAscending(Unknown Source)
	at java.util.TimSort.sort(Unknown Source)
	at java.util.Arrays.sort(Unknown Source)
	at java.util.List.sort(Unknown Source)
	at java.util.Collections.sort(Unknown Source)
	at org.flipkart.Flipkart_printingresults.printIphoneNameAndPriceInConsole(Flipkart_printingresults.java:80)
	at sun.reflect.NativeMethodAccessorImpl.invoke0(Native Method)
	at sun.reflect.NativeMethodAccessorImpl.invoke(Unknown Source)
	at sun.reflect.DelegatingMethodAccessorImpl.invoke(Unknown Source)
	at java.lang.reflect.Method.invoke(Unknown Source)
	at org.testng.internal.MethodInvocationHelper.invokeMethod(MethodInvocationHelper.java:85)
	at org.testng.internal.Invoker.invokeMethod(Invoker.java:639)
	at org.testng.internal.Invoker.invokeTestMethod(Invoker.java:816)
	at org.testng.internal.Invoker.invokeTestMethods(Invoker.java:1124)
	at org.testng.internal.TestMethodWorker.invokeTestMethods(TestMethodWorker.java:125)
	at org.testng.internal.TestMethodWorker.run(TestMethodWorker.java:108)
	at org.testng.TestRunner.privateRun(TestRunner.java:774)
	at org.testng.TestRunner.run(TestRunner.java:624)
	at org.testng.SuiteRunner.runTest(SuiteRunner.java:359)
	at org.testng.SuiteRunner.runSequentially(SuiteRunner.java:354)
	at org.testng.SuiteRunner.privateRun(SuiteRunner.java:312)
	at org.testng.SuiteRunner.run(SuiteRunner.java:261)
	at org.testng.SuiteRunnerWorker.runSuite(SuiteRunnerWorker.java:52)
	at org.testng.SuiteRunnerWorker.run(SuiteRunnerWorker.java:86)
	at org.testng.TestNG.runSuitesSequentially(TestNG.java:1191)
	at org.testng.TestNG.runSuitesLocally(TestNG.java:1116)
	at org.testng.TestNG.run(TestNG.java:1024)
	at org.testng.remote.AbstractRemoteTestNG.run(AbstractRemoteTestNG.java:126)
	at org.testng.remote.RemoteTestNG.initAndRun(RemoteTestNG.java:152)
	at org.testng.remote.RemoteTestNG.main(RemoteTestNG.java:57)
]]>
    </failure>
  </testcase> <!-- printIphoneNameAndPriceInConsole -->
</testsuite> <!-- Default test -->
