<?xml version="1.0" encoding="UTF-8"?>
<testng-results skipped="0" failed="1" total="1" passed="0">
  <reporter-output>
  </reporter-output>
  <suite name="Default suite" duration-ms="13275" started-at="2025-02-03T03:06:53Z" finished-at="2025-02-03T03:07:06Z">
    <groups>
    </groups>
    <test name="Default test" duration-ms="13275" started-at="2025-02-03T03:06:53Z" finished-at="2025-02-03T03:07:06Z">
      <class name="org.flipkart.Flipkart_printingresults">
        <test-method status="PASS" signature="beforeClass()[pri:0, instance:org.flipkart.Flipkart_printingresults@6eebc39e]" name="beforeClass" is-config="true" duration-ms="8006" started-at="2025-02-03T08:36:53Z" finished-at="2025-02-03T08:37:01Z">
          <reporter-output>
          </reporter-output>
        </test-method> <!-- beforeClass -->
        <test-method status="FAIL" signature="printIphoneNameAndPriceInConsole()[pri:0, instance:org.flipkart.Flipkart_printingresults@6eebc39e]" name="printIphoneNameAndPriceInConsole" duration-ms="5246" started-at="2025-02-03T08:37:01Z" finished-at="2025-02-03T08:37:06Z">
          <exception class="java.lang.ClassCastException">
            <message>
              <![CDATA[java.lang.String cannot be cast to java.lang.Integer]]>
            </message>
            <full-stacktrace>
              <![CDATA[java.lang.ClassCastException: java.lang.String cannot be cast to java.lang.Integer
	at org.util.ComparatorUtilities.compare(ComparatorUtilities.java:8)
	at java.util.TimSort.countRunAndMakeAscending(Unknown Source)
	at java.util.TimSort.sort(Unknown Source)
	at java.util.Arrays.sort(Unknown Source)
	at java.util.List.sort(Unknown Source)
	at java.util.Collections.sort(Unknown Source)
	at org.flipkart.Flipkart_printingresults.printIphoneNameAndPriceInConsole(Flipkart_printingresults.java:80)
	at sun.reflect.NativeMethodAccessorImpl.invoke0(Native Method)
	at sun.reflect.NativeMethodAccessorImpl.invoke(Unknown Source)
	at sun.reflect.DelegatingMethodAccessorImpl.invoke(Unknown Source)
	at java.lang.reflect.Method.invoke(Unknown Source)
	at org.testng.internal.MethodInvocationHelper.invokeMethod(MethodInvocationHelper.java:85)
	at org.testng.internal.Invoker.invokeMethod(Invoker.java:639)
	at org.testng.internal.Invoker.invokeTestMethod(Invoker.java:816)
	at org.testng.internal.Invoker.invokeTestMethods(Invoker.java:1124)
	at org.testng.internal.TestMethodWorker.invokeTestMethods(TestMethodWorker.java:125)
	at org.testng.internal.TestMethodWorker.run(TestMethodWorker.java:108)
	at org.testng.TestRunner.privateRun(TestRunner.java:774)
	at org.testng.TestRunner.run(TestRunner.java:624)
	at org.testng.SuiteRunner.runTest(SuiteRunner.java:359)
	at org.testng.SuiteRunner.runSequentially(SuiteRunner.java:354)
	at org.testng.SuiteRunner.privateRun(SuiteRunner.java:312)
	at org.testng.SuiteRunner.run(SuiteRunner.java:261)
	at org.testng.SuiteRunnerWorker.runSuite(SuiteRunnerWorker.java:52)
	at org.testng.SuiteRunnerWorker.run(SuiteRunnerWorker.java:86)
	at org.testng.TestNG.runSuitesSequentially(TestNG.java:1191)
	at org.testng.TestNG.runSuitesLocally(TestNG.java:1116)
	at org.testng.TestNG.run(TestNG.java:1024)
	at org.testng.remote.AbstractRemoteTestNG.run(AbstractRemoteTestNG.java:126)
	at org.testng.remote.RemoteTestNG.initAndRun(RemoteTestNG.java:152)
	at org.testng.remote.RemoteTestNG.main(RemoteTestNG.java:57)
]]>
            </full-stacktrace>
          </exception> <!-- java.lang.ClassCastException -->
          <reporter-output>
          </reporter-output>
        </test-method> <!-- printIphoneNameAndPriceInConsole -->
      </class> <!-- org.flipkart.Flipkart_printingresults -->
    </test> <!-- Default test -->
  </suite> <!-- Default suite -->
</testng-results>
